2018-10-29 10:55:13.141 [ReplicaAwareInstanceRegistry - RenewalThresholdUpdater] INFO  c.n.e.r.PeerAwareInstanceRegistryImpl -Current renewal threshold is : 6
2018-10-29 10:55:16.755 [Eureka-EvictionTimer] INFO  c.n.e.r.AbstractInstanceRegistry -Running the evict task with compensationTime 233227595ms
2018-10-29 10:56:16.756 [Eureka-EvictionTimer] INFO  c.n.e.r.AbstractInstanceRegistry -Running the evict task with compensationTime 5434ms
2018-10-29 10:57:16.756 [Eureka-EvictionTimer] INFO  c.n.e.r.AbstractInstanceRegistry -Running the evict task with compensationTime 0ms
2018-10-29 10:58:16.757 [Eureka-EvictionTimer] INFO  c.n.e.r.AbstractInstanceRegistry -Running the evict task with compensationTime 1ms
2018-10-29 10:58:39.545 [http-nio-7070-exec-6] INFO  c.n.e.r.AbstractInstanceRegistry -Registered instance CLOUD-ZUUL/LAPTOP-KG7U4SAC:cloud-zuul:9999 with status UP (replication=false)
2018-10-29 10:58:40.051 [http-nio-7070-exec-9] INFO  c.n.e.r.AbstractInstanceRegistry -Registered instance CLOUD-ZUUL/LAPTOP-KG7U4SAC:cloud-zuul:9999 with status UP (replication=true)
2018-10-29 10:59:16.760 [Eureka-EvictionTimer] INFO  c.n.e.r.AbstractInstanceRegistry -Running the evict task with compensationTime 3ms
2018-10-29 11:00:16.760 [Eureka-EvictionTimer] INFO  c.n.e.r.AbstractInstanceRegistry -Running the evict task with compensationTime 0ms
2018-10-29 11:01:16.760 [Eureka-EvictionTimer] INFO  c.n.e.r.AbstractInstanceRegistry -Running the evict task with compensationTime 0ms
2018-10-29 11:02:16.761 [Eureka-EvictionTimer] INFO  c.n.e.r.AbstractInstanceRegistry -Running the evict task with compensationTime 0ms
2018-10-29 11:03:16.761 [Eureka-EvictionTimer] INFO  c.n.e.r.AbstractInstanceRegistry -Running the evict task with compensationTime 0ms
2018-10-29 11:03:29.506 [http-nio-7070-exec-7] INFO  c.n.e.r.AbstractInstanceRegistry -Registered instance CLOUD-ZUUL/LAPTOP-KG7U4SAC:cloud-zuul:9999 with status UP (replication=false)
2018-10-29 11:03:30.024 [http-nio-7070-exec-1] INFO  c.n.e.r.AbstractInstanceRegistry -Registered instance CLOUD-ZUUL/LAPTOP-KG7U4SAC:cloud-zuul:9999 with status UP (replication=true)
2018-10-29 11:04:16.762 [Eureka-EvictionTimer] INFO  c.n.e.r.AbstractInstanceRegistry -Running the evict task with compensationTime 0ms
2018-10-29 11:05:07.922 [http-nio-7070-exec-8] INFO  c.n.e.r.AbstractInstanceRegistry -Registered instance CLOUD-ZUUL/LAPTOP-KG7U4SAC:cloud-zuul:9999 with status UP (replication=false)
2018-10-29 11:05:08.433 [http-nio-7070-exec-3] INFO  c.n.e.r.AbstractInstanceRegistry -Registered instance CLOUD-ZUUL/LAPTOP-KG7U4SAC:cloud-zuul:9999 with status UP (replication=true)
2018-10-29 11:05:16.762 [Eureka-EvictionTimer] INFO  c.n.e.r.AbstractInstanceRegistry -Running the evict task with compensationTime 0ms
2018-10-29 11:06:16.762 [Eureka-EvictionTimer] INFO  c.n.e.r.AbstractInstanceRegistry -Running the evict task with compensationTime 0ms
2018-10-29 11:07:16.763 [Eureka-EvictionTimer] INFO  c.n.e.r.AbstractInstanceRegistry -Running the evict task with compensationTime 0ms
2018-10-29 11:08:16.764 [Eureka-EvictionTimer] INFO  c.n.e.r.AbstractInstanceRegistry -Running the evict task with compensationTime 0ms
2018-10-29 11:09:16.764 [Eureka-EvictionTimer] INFO  c.n.e.r.AbstractInstanceRegistry -Running the evict task with compensationTime 0ms
2018-10-29 11:10:13.141 [ReplicaAwareInstanceRegistry - RenewalThresholdUpdater] INFO  c.n.e.r.PeerAwareInstanceRegistryImpl -Current renewal threshold is : 6
2018-10-29 11:10:16.771 [Eureka-EvictionTimer] INFO  c.n.e.r.AbstractInstanceRegistry -Running the evict task with compensationTime 1ms
2018-10-29 11:10:41.823 [http-nio-7070-exec-10] INFO  c.n.e.r.AbstractInstanceRegistry -Registered instance CLOUD-ZUUL/LAPTOP-KG7U4SAC:cloud-zuul:9999 with status UP (replication=false)
2018-10-29 11:10:42.333 [http-nio-7070-exec-5] INFO  c.n.e.r.AbstractInstanceRegistry -Registered instance CLOUD-ZUUL/LAPTOP-KG7U4SAC:cloud-zuul:9999 with status UP (replication=true)
2018-10-29 11:11:16.765 [Eureka-EvictionTimer] INFO  c.n.e.r.AbstractInstanceRegistry -Running the evict task with compensationTime 0ms
2018-10-29 11:11:27.784 [main] INFO  o.s.c.a.AnnotationConfigApplicationContext -Refreshing org.springframework.context.annotation.AnnotationConfigApplicationContext@3549bca9: startup date [Mon Oct 29 11:11:27 CST 2018]; root of context hierarchy
2018-10-29 11:11:28.066 [main] INFO  o.s.b.f.a.AutowiredAnnotationBeanPostProcessor -JSR-330 'javax.inject.Inject' annotation found and supported for autowiring
2018-10-29 11:11:28.089 [background-preinit] INFO  o.h.validator.internal.util.Version -HV000001: Hibernate Validator 5.3.4.Final
2018-10-29 11:11:28.123 [main] INFO  o.s.c.s.PostProcessorRegistrationDelegate$BeanPostProcessorChecker -Bean 'configurationPropertiesRebinderAutoConfiguration' of type [org.springframework.cloud.autoconfigure.ConfigurationPropertiesRebinderAutoConfiguration$$EnhancerBySpringCGLIB$$aa613963] is not eligible for getting processed by all BeanPostProcessors (for example: not eligible for auto-proxying)
2018-10-29 11:11:28.732 [main] INFO  com.lovnx.EurekaServer -No active profile set, falling back to default profiles: default
2018-10-29 11:11:28.756 [main] INFO  o.s.b.c.e.AnnotationConfigEmbeddedWebApplicationContext -Refreshing org.springframework.boot.context.embedded.AnnotationConfigEmbeddedWebApplicationContext@1d035be3: startup date [Mon Oct 29 11:11:28 CST 2018]; parent: org.springframework.context.annotation.AnnotationConfigApplicationContext@3549bca9
2018-10-29 11:11:29.639 [main] WARN  o.s.c.a.ConfigurationClassPostProcessor -Cannot enhance @Configuration bean definition 'refreshScope' since its singleton instance has been created too early. The typical cause is a non-static @Bean method with a BeanDefinitionRegistryPostProcessor return type: Consider declaring such methods as 'static'.
2018-10-29 11:11:29.840 [main] INFO  o.s.cloud.context.scope.GenericScope -BeanFactory id=1e683dc0-0069-36b2-9921-18a155ebd659
2018-10-29 11:11:29.864 [main] INFO  o.s.b.f.a.AutowiredAnnotationBeanPostProcessor -JSR-330 'javax.inject.Inject' annotation found and supported for autowiring
2018-10-29 11:11:30.015 [main] INFO  o.s.c.s.PostProcessorRegistrationDelegate$BeanPostProcessorChecker -Bean 'org.springframework.cloud.autoconfigure.ConfigurationPropertiesRebinderAutoConfiguration' of type [org.springframework.cloud.autoconfigure.ConfigurationPropertiesRebinderAutoConfiguration$$EnhancerBySpringCGLIB$$aa613963] is not eligible for getting processed by all BeanPostProcessors (for example: not eligible for auto-proxying)
2018-10-29 11:11:30.313 [main] INFO  o.s.b.c.e.t.TomcatEmbeddedServletContainer -Tomcat initialized with port(s): 7070 (http)
2018-10-29 11:11:30.326 [main] INFO  o.a.catalina.core.StandardService -Starting service Tomcat
2018-10-29 11:11:30.328 [main] INFO  o.a.catalina.core.StandardEngine -Starting Servlet Engine: Apache Tomcat/8.5.11
2018-10-29 11:11:30.491 [localhost-startStop-1] INFO  o.a.c.c.C.[Tomcat].[localhost].[/] -Initializing Spring embedded WebApplicationContext
2018-10-29 11:11:30.491 [localhost-startStop-1] INFO  o.s.web.context.ContextLoader -Root WebApplicationContext: initialization completed in 1735 ms
2018-10-29 11:11:31.243 [localhost-startStop-1] INFO  o.s.b.w.s.FilterRegistrationBean -Mapping filter: 'metricsFilter' to: [/*]
2018-10-29 11:11:31.244 [localhost-startStop-1] INFO  o.s.b.w.s.FilterRegistrationBean -Mapping filter: 'characterEncodingFilter' to: [/*]
2018-10-29 11:11:31.244 [localhost-startStop-1] INFO  o.s.b.w.s.FilterRegistrationBean -Mapping filter: 'hiddenHttpMethodFilter' to: [/*]
2018-10-29 11:11:31.244 [localhost-startStop-1] INFO  o.s.b.w.s.FilterRegistrationBean -Mapping filter: 'httpPutFormContentFilter' to: [/*]
2018-10-29 11:11:31.244 [localhost-startStop-1] INFO  o.s.b.w.s.FilterRegistrationBean -Mapping filter: 'requestContextFilter' to: [/*]
2018-10-29 11:11:31.244 [localhost-startStop-1] INFO  o.s.b.w.s.FilterRegistrationBean -Mapping filter: 'webRequestTraceFilter' to: [/*]
2018-10-29 11:11:31.244 [localhost-startStop-1] INFO  o.s.b.w.s.FilterRegistrationBean -Mapping filter: 'servletContainer' to urls: [/eureka/*]
2018-10-29 11:11:31.245 [localhost-startStop-1] INFO  o.s.b.w.s.FilterRegistrationBean -Mapping filter: 'applicationContextIdFilter' to: [/*]
2018-10-29 11:11:31.245 [localhost-startStop-1] INFO  o.s.b.w.s.ServletRegistrationBean -Mapping servlet: 'dispatcherServlet' to [/]
2018-10-29 11:11:31.345 [localhost-startStop-1] INFO  c.s.j.s.i.a.WebApplicationImpl -Initiating Jersey application, version 'Jersey: 1.19.1 03/11/2016 02:08 PM'
2018-10-29 11:11:31.465 [localhost-startStop-1] INFO  c.n.d.p.DiscoveryJerseyProvider -Using JSON encoding codec LegacyJacksonJson
2018-10-29 11:11:31.465 [localhost-startStop-1] INFO  c.n.d.p.DiscoveryJerseyProvider -Using JSON decoding codec LegacyJacksonJson
2018-10-29 11:11:31.635 [localhost-startStop-1] INFO  c.n.d.p.DiscoveryJerseyProvider -Using XML encoding codec XStreamXml
2018-10-29 11:11:31.635 [localhost-startStop-1] INFO  c.n.d.p.DiscoveryJerseyProvider -Using XML decoding codec XStreamXml
2018-10-29 11:11:32.419 [main] INFO  o.s.c.n.eureka.InstanceInfoFactory -Setting initial instance status as: STARTING
2018-10-29 11:11:32.472 [main] INFO  c.netflix.discovery.DiscoveryClient -Client configured to neither register nor query for data.
2018-10-29 11:11:32.589 [main] INFO  c.netflix.discovery.DiscoveryClient -Discovery Client initialized at timestamp 1540782692479 with initial instances count: 0
2018-10-29 11:11:32.676 [main] INFO  c.n.e.DefaultEurekaServerContext -Initializing ...
2018-10-29 11:11:32.678 [main] INFO  c.n.eureka.cluster.PeerEurekaNodes -Adding new peer nodes [http://localhost:7070/eureka/]
2018-10-29 11:11:32.815 [main] INFO  c.n.d.p.DiscoveryJerseyProvider -Using JSON encoding codec LegacyJacksonJson
2018-10-29 11:11:32.815 [main] INFO  c.n.d.p.DiscoveryJerseyProvider -Using JSON decoding codec LegacyJacksonJson
2018-10-29 11:11:32.816 [main] INFO  c.n.d.p.DiscoveryJerseyProvider -Using XML encoding codec XStreamXml
2018-10-29 11:11:32.816 [main] INFO  c.n.d.p.DiscoveryJerseyProvider -Using XML decoding codec XStreamXml
2018-10-29 11:11:32.998 [main] INFO  c.n.eureka.cluster.PeerEurekaNodes -Replica node URL:  http://localhost:7070/eureka/
2018-10-29 11:11:33.010 [main] INFO  c.n.e.r.AbstractInstanceRegistry -Finished initializing remote region registries. All known remote regions: []
2018-10-29 11:11:33.011 [main] INFO  c.n.e.DefaultEurekaServerContext -Initialized
2018-10-29 11:11:33.475 [main] INFO  o.s.w.s.m.m.a.RequestMappingHandlerAdapter -Looking for @ControllerAdvice: org.springframework.boot.context.embedded.AnnotationConfigEmbeddedWebApplicationContext@1d035be3: startup date [Mon Oct 29 11:11:28 CST 2018]; parent: org.springframework.context.annotation.AnnotationConfigApplicationContext@3549bca9
2018-10-29 11:11:33.585 [main] INFO  o.s.w.s.m.m.a.RequestMappingHandlerMapping -Mapped "{[/],methods=[GET]}" onto public java.lang.String org.springframework.cloud.netflix.eureka.server.EurekaController.status(javax.servlet.http.HttpServletRequest,java.util.Map<java.lang.String, java.lang.Object>)
2018-10-29 11:11:33.586 [main] INFO  o.s.w.s.m.m.a.RequestMappingHandlerMapping -Mapped "{[/lastn],methods=[GET]}" onto public java.lang.String org.springframework.cloud.netflix.eureka.server.EurekaController.lastn(javax.servlet.http.HttpServletRequest,java.util.Map<java.lang.String, java.lang.Object>)
2018-10-29 11:11:33.588 [main] INFO  o.s.w.s.m.m.a.RequestMappingHandlerMapping -Mapped "{[/error]}" onto public org.springframework.http.ResponseEntity<java.util.Map<java.lang.String, java.lang.Object>> org.springframework.boot.autoconfigure.web.BasicErrorController.error(javax.servlet.http.HttpServletRequest)
2018-10-29 11:11:33.589 [main] INFO  o.s.w.s.m.m.a.RequestMappingHandlerMapping -Mapped "{[/error],produces=[text/html]}" onto public org.springframework.web.servlet.ModelAndView org.springframework.boot.autoconfigure.web.BasicErrorController.errorHtml(javax.servlet.http.HttpServletRequest,javax.servlet.http.HttpServletResponse)
2018-10-29 11:11:33.634 [main] INFO  o.s.w.s.h.SimpleUrlHandlerMapping -Mapped URL path [/webjars/**] onto handler of type [class org.springframework.web.servlet.resource.ResourceHttpRequestHandler]
2018-10-29 11:11:33.634 [main] INFO  o.s.w.s.h.SimpleUrlHandlerMapping -Mapped URL path [/**] onto handler of type [class org.springframework.web.servlet.resource.ResourceHttpRequestHandler]
2018-10-29 11:11:33.704 [main] INFO  o.s.w.s.h.SimpleUrlHandlerMapping -Mapped URL path [/**/favicon.ico] onto handler of type [class org.springframework.web.servlet.resource.ResourceHttpRequestHandler]
2018-10-29 11:11:34.432 [main] INFO  o.s.b.a.e.mvc.EndpointHandlerMapping -Mapped "{[/features || /features.json],methods=[GET],produces=[application/vnd.spring-boot.actuator.v1+json || application/json]}" onto public java.lang.Object org.springframework.boot.actuate.endpoint.mvc.EndpointMvcAdapter.invoke()
2018-10-29 11:11:34.433 [main] INFO  o.s.b.a.e.mvc.EndpointHandlerMapping -Mapped "{[/configprops || /configprops.json],methods=[GET],produces=[application/vnd.spring-boot.actuator.v1+json || application/json]}" onto public java.lang.Object org.springframework.boot.actuate.endpoint.mvc.EndpointMvcAdapter.invoke()
2018-10-29 11:11:34.433 [main] INFO  o.s.b.a.e.mvc.EndpointHandlerMapping -Mapped "{[/beans || /beans.json],methods=[GET],produces=[application/vnd.spring-boot.actuator.v1+json || application/json]}" onto public java.lang.Object org.springframework.boot.actuate.endpoint.mvc.EndpointMvcAdapter.invoke()
2018-10-29 11:11:34.434 [main] INFO  o.s.b.a.e.mvc.EndpointHandlerMapping -Mapped "{[/mappings || /mappings.json],methods=[GET],produces=[application/vnd.spring-boot.actuator.v1+json || application/json]}" onto public java.lang.Object org.springframework.boot.actuate.endpoint.mvc.EndpointMvcAdapter.invoke()
2018-10-29 11:11:34.435 [main] INFO  o.s.b.a.e.mvc.EndpointHandlerMapping -Mapped "{[/restart || /restart.json],methods=[POST]}" onto public java.lang.Object org.springframework.cloud.context.restart.RestartMvcEndpoint.invoke()
2018-10-29 11:11:34.438 [main] INFO  o.s.b.a.e.mvc.EndpointHandlerMapping -Mapped "{[/loggers/{name:.*}],methods=[GET],produces=[application/vnd.spring-boot.actuator.v1+json || application/json]}" onto public java.lang.Object org.springframework.boot.actuate.endpoint.mvc.LoggersMvcEndpoint.get(java.lang.String)
2018-10-29 11:11:34.438 [main] INFO  o.s.b.a.e.mvc.EndpointHandlerMapping -Mapped "{[/loggers/{name:.*}],methods=[POST],consumes=[application/vnd.spring-boot.actuator.v1+json || application/json],produces=[application/vnd.spring-boot.actuator.v1+json || application/json]}" onto public java.lang.Object org.springframework.boot.actuate.endpoint.mvc.LoggersMvcEndpoint.set(java.lang.String,java.util.Map<java.lang.String, java.lang.String>)
2018-10-29 11:11:34.439 [main] INFO  o.s.b.a.e.mvc.EndpointHandlerMapping -Mapped "{[/loggers || /loggers.json],methods=[GET],produces=[application/vnd.spring-boot.actuator.v1+json || application/json]}" onto public java.lang.Object org.springframework.boot.actuate.endpoint.mvc.EndpointMvcAdapter.invoke()
2018-10-29 11:11:34.439 [main] INFO  o.s.b.a.e.mvc.EndpointHandlerMapping -Mapped "{[/metrics/{name:.*}],methods=[GET],produces=[application/vnd.spring-boot.actuator.v1+json || application/json]}" onto public java.lang.Object org.springframework.boot.actuate.endpoint.mvc.MetricsMvcEndpoint.value(java.lang.String)
2018-10-29 11:11:34.439 [main] INFO  o.s.b.a.e.mvc.EndpointHandlerMapping -Mapped "{[/metrics || /metrics.json],methods=[GET],produces=[application/vnd.spring-boot.actuator.v1+json || application/json]}" onto public java.lang.Object org.springframework.boot.actuate.endpoint.mvc.EndpointMvcAdapter.invoke()
2018-10-29 11:11:34.440 [main] INFO  o.s.b.a.e.mvc.EndpointHandlerMapping -Mapped "{[/env],methods=[POST]}" onto public java.lang.Object org.springframework.cloud.context.environment.EnvironmentManagerMvcEndpoint.value(java.util.Map<java.lang.String, java.lang.String>)
2018-10-29 11:11:34.440 [main] INFO  o.s.b.a.e.mvc.EndpointHandlerMapping -Mapped "{[/env/reset],methods=[POST]}" onto public java.util.Map<java.lang.String, java.lang.Object> org.springframework.cloud.context.environment.EnvironmentManagerMvcEndpoint.reset()
2018-10-29 11:11:34.441 [main] INFO  o.s.b.a.e.mvc.EndpointHandlerMapping -Mapped "{[/info || /info.json],methods=[GET],produces=[application/vnd.spring-boot.actuator.v1+json || application/json]}" onto public java.lang.Object org.springframework.boot.actuate.endpoint.mvc.EndpointMvcAdapter.invoke()
2018-10-29 11:11:34.441 [main] INFO  o.s.b.a.e.mvc.EndpointHandlerMapping -Mapped "{[/archaius || /archaius.json],methods=[GET],produces=[application/vnd.spring-boot.actuator.v1+json || application/json]}" onto public java.lang.Object org.springframework.boot.actuate.endpoint.mvc.EndpointMvcAdapter.invoke()
2018-10-29 11:11:34.442 [main] INFO  o.s.b.a.e.mvc.EndpointHandlerMapping -Mapped "{[/resume || /resume.json],methods=[POST]}" onto public java.lang.Object org.springframework.cloud.endpoint.GenericPostableMvcEndpoint.invoke()
2018-10-29 11:11:34.442 [main] INFO  o.s.b.a.e.mvc.EndpointHandlerMapping -Mapped "{[/autoconfig || /autoconfig.json],methods=[GET],produces=[application/vnd.spring-boot.actuator.v1+json || application/json]}" onto public java.lang.Object org.springframework.boot.actuate.endpoint.mvc.EndpointMvcAdapter.invoke()
2018-10-29 11:11:34.442 [main] INFO  o.s.b.a.e.mvc.EndpointHandlerMapping -Mapped "{[/trace || /trace.json],methods=[GET],produces=[application/vnd.spring-boot.actuator.v1+json || application/json]}" onto public java.lang.Object org.springframework.boot.actuate.endpoint.mvc.EndpointMvcAdapter.invoke()
2018-10-29 11:11:34.443 [main] INFO  o.s.b.a.e.mvc.EndpointHandlerMapping -Mapped "{[/pause || /pause.json],methods=[POST]}" onto public java.lang.Object org.springframework.cloud.endpoint.GenericPostableMvcEndpoint.invoke()
2018-10-29 11:11:34.443 [main] INFO  o.s.b.a.e.mvc.EndpointHandlerMapping -Mapped "{[/env/{name:.*}],methods=[GET],produces=[application/vnd.spring-boot.actuator.v1+json || application/json]}" onto public java.lang.Object org.springframework.boot.actuate.endpoint.mvc.EnvironmentMvcEndpoint.value(java.lang.String)
2018-10-29 11:11:34.444 [main] INFO  o.s.b.a.e.mvc.EndpointHandlerMapping -Mapped "{[/env || /env.json],methods=[GET],produces=[application/vnd.spring-boot.actuator.v1+json || application/json]}" onto public java.lang.Object org.springframework.boot.actuate.endpoint.mvc.EndpointMvcAdapter.invoke()
2018-10-29 11:11:34.447 [main] INFO  o.s.b.a.e.mvc.EndpointHandlerMapping -Mapped "{[/heapdump || /heapdump.json],methods=[GET],produces=[application/octet-stream]}" onto public void org.springframework.boot.actuate.endpoint.mvc.HeapdumpMvcEndpoint.invoke(boolean,javax.servlet.http.HttpServletRequest,javax.servlet.http.HttpServletResponse) throws java.io.IOException,javax.servlet.ServletException
2018-10-29 11:11:34.447 [main] INFO  o.s.b.a.e.mvc.EndpointHandlerMapping -Mapped "{[/refresh || /refresh.json],methods=[POST]}" onto public java.lang.Object org.springframework.cloud.endpoint.GenericPostableMvcEndpoint.invoke()
2018-10-29 11:11:34.448 [main] INFO  o.s.b.a.e.mvc.EndpointHandlerMapping -Mapped "{[/health || /health.json],methods=[GET],produces=[application/vnd.spring-boot.actuator.v1+json || application/json]}" onto public java.lang.Object org.springframework.boot.actuate.endpoint.mvc.HealthMvcEndpoint.invoke(javax.servlet.http.HttpServletRequest,java.security.Principal)
2018-10-29 11:11:34.449 [main] INFO  o.s.b.a.e.mvc.EndpointHandlerMapping -Mapped "{[/auditevents || /auditevents.json],methods=[GET],produces=[application/vnd.spring-boot.actuator.v1+json || application/json]}" onto public org.springframework.http.ResponseEntity<?> org.springframework.boot.actuate.endpoint.mvc.AuditEventsMvcEndpoint.findByPrincipalAndAfterAndType(java.lang.String,java.util.Date,java.lang.String)
2018-10-29 11:11:34.450 [main] INFO  o.s.b.a.e.mvc.EndpointHandlerMapping -Mapped "{[/dump || /dump.json],methods=[GET],produces=[application/vnd.spring-boot.actuator.v1+json || application/json]}" onto public java.lang.Object org.springframework.boot.actuate.endpoint.mvc.EndpointMvcAdapter.invoke()
2018-10-29 11:11:34.596 [main] INFO  o.s.u.f.SpringTemplateLoader -SpringTemplateLoader for FreeMarker: using resource loader [org.springframework.boot.context.embedded.AnnotationConfigEmbeddedWebApplicationContext@1d035be3: startup date [Mon Oct 29 11:11:28 CST 2018]; parent: org.springframework.context.annotation.AnnotationConfigApplicationContext@3549bca9] and template loader path [classpath:/templates/]
2018-10-29 11:11:34.597 [main] INFO  o.s.w.s.v.f.FreeMarkerConfigurer -ClassTemplateLoader for Spring macros added to FreeMarker configuration
2018-10-29 11:11:34.760 [main] WARN  c.n.c.sources.URLConfigurationSource -No URLs will be polled as dynamic configuration sources.
2018-10-29 11:11:34.761 [main] INFO  c.n.c.sources.URLConfigurationSource -To enable URLs as dynamic configuration sources, define System property archaius.configurationSource.additionalUrls or make config.properties available on classpath.
2018-10-29 11:11:34.766 [main] WARN  c.n.c.sources.URLConfigurationSource -No URLs will be polled as dynamic configuration sources.
2018-10-29 11:11:34.766 [main] INFO  c.n.c.sources.URLConfigurationSource -To enable URLs as dynamic configuration sources, define System property archaius.configurationSource.additionalUrls or make config.properties available on classpath.
2018-10-29 11:11:35.014 [main] INFO  o.s.j.e.a.AnnotationMBeanExporter -Registering beans for JMX exposure on startup
2018-10-29 11:11:35.025 [main] INFO  o.s.j.e.a.AnnotationMBeanExporter -Bean with name 'refreshScope' has been autodetected for JMX exposure
2018-10-29 11:11:35.025 [main] INFO  o.s.j.e.a.AnnotationMBeanExporter -Bean with name 'environmentManager' has been autodetected for JMX exposure
2018-10-29 11:11:35.028 [main] INFO  o.s.j.e.a.AnnotationMBeanExporter -Bean with name 'configurationPropertiesRebinder' has been autodetected for JMX exposure
2018-10-29 11:11:35.028 [main] INFO  o.s.j.e.a.AnnotationMBeanExporter -Bean with name 'refreshEndpoint' has been autodetected for JMX exposure
2018-10-29 11:11:35.029 [main] INFO  o.s.j.e.a.AnnotationMBeanExporter -Bean with name 'restartEndpoint' has been autodetected for JMX exposure
2018-10-29 11:11:35.032 [main] INFO  o.s.j.e.a.AnnotationMBeanExporter -Located managed bean 'environmentManager': registering with JMX server as MBean [org.springframework.cloud.context.environment:name=environmentManager,type=EnvironmentManager]
2018-10-29 11:11:35.048 [main] INFO  o.s.j.e.a.AnnotationMBeanExporter -Located managed bean 'restartEndpoint': registering with JMX server as MBean [org.springframework.cloud.context.restart:name=restartEndpoint,type=RestartEndpoint]
2018-10-29 11:11:35.060 [main] INFO  o.s.j.e.a.AnnotationMBeanExporter -Located managed bean 'refreshScope': registering with JMX server as MBean [org.springframework.cloud.context.scope.refresh:name=refreshScope,type=RefreshScope]
2018-10-29 11:11:35.074 [main] INFO  o.s.j.e.a.AnnotationMBeanExporter -Located managed bean 'configurationPropertiesRebinder': registering with JMX server as MBean [org.springframework.cloud.context.properties:name=configurationPropertiesRebinder,context=1d035be3,type=ConfigurationPropertiesRebinder]
2018-10-29 11:11:35.083 [main] INFO  o.s.j.e.a.AnnotationMBeanExporter -Located managed bean 'refreshEndpoint': registering with JMX server as MBean [org.springframework.cloud.endpoint:name=refreshEndpoint,type=RefreshEndpoint]
2018-10-29 11:11:35.085 [main] INFO  o.s.b.a.e.jmx.EndpointMBeanExporter -Registering beans for JMX exposure on startup
2018-10-29 11:11:35.366 [main] INFO  o.s.c.s.DefaultLifecycleProcessor -Starting beans in phase 0
2018-10-29 11:11:35.367 [main] INFO  o.s.c.n.e.EurekaDiscoveryClientConfiguration -Registering application eureka-server with eureka with status UP
2018-10-29 11:11:35.379 [Thread-28] INFO  o.s.c.n.e.s.EurekaServerBootstrap -Setting the eureka configuration..
2018-10-29 11:11:35.380 [Thread-28] INFO  o.s.c.n.e.s.EurekaServerBootstrap -Eureka data center value eureka.datacenter is not set, defaulting to default
2018-10-29 11:11:35.381 [Thread-28] INFO  o.s.c.n.e.s.EurekaServerBootstrap -Eureka environment value eureka.environment is not set, defaulting to test
2018-10-29 11:11:35.390 [main] INFO  o.s.b.a.e.jmx.EndpointMBeanExporter -Located managed bean 'auditEventsEndpoint': registering with JMX server as MBean [org.springframework.boot:type=Endpoint,name=auditEventsEndpoint]
2018-10-29 11:11:35.399 [Thread-28] INFO  o.s.c.n.e.s.EurekaServerBootstrap -isAws returned false
2018-10-29 11:11:35.399 [Thread-28] INFO  o.s.c.n.e.s.EurekaServerBootstrap -Initialized server context
2018-10-29 11:11:35.400 [Thread-28] INFO  c.n.e.r.PeerAwareInstanceRegistryImpl -Got 1 instances from neighboring DS node
2018-10-29 11:11:35.400 [Thread-28] INFO  c.n.e.r.PeerAwareInstanceRegistryImpl -Renew threshold is: 1
2018-10-29 11:11:35.400 [Thread-28] INFO  c.n.e.r.PeerAwareInstanceRegistryImpl -Changing status to UP
2018-10-29 11:11:35.403 [main] INFO  o.s.b.a.e.jmx.EndpointMBeanExporter -Located managed bean 'featuresEndpoint': registering with JMX server as MBean [org.springframework.boot:type=Endpoint,name=featuresEndpoint]
2018-10-29 11:11:35.407 [Thread-28] INFO  o.s.c.n.e.s.EurekaServerInitializerConfiguration -Started Eureka Server
2018-10-29 11:11:35.416 [main] INFO  o.s.b.a.e.jmx.EndpointMBeanExporter -Located managed bean 'requestMappingEndpoint': registering with JMX server as MBean [org.springframework.boot:type=Endpoint,name=requestMappingEndpoint]
2018-10-29 11:11:35.418 [main] INFO  o.s.b.a.e.jmx.EndpointMBeanExporter -Located managed bean 'environmentEndpoint': registering with JMX server as MBean [org.springframework.boot:type=Endpoint,name=environmentEndpoint]
2018-10-29 11:11:35.421 [main] INFO  o.s.b.a.e.jmx.EndpointMBeanExporter -Located managed bean 'healthEndpoint': registering with JMX server as MBean [org.springframework.boot:type=Endpoint,name=healthEndpoint]
2018-10-29 11:11:35.423 [main] INFO  o.s.b.a.e.jmx.EndpointMBeanExporter -Located managed bean 'beansEndpoint': registering with JMX server as MBean [org.springframework.boot:type=Endpoint,name=beansEndpoint]
2018-10-29 11:11:35.425 [main] INFO  o.s.b.a.e.jmx.EndpointMBeanExporter -Located managed bean 'infoEndpoint': registering with JMX server as MBean [org.springframework.boot:type=Endpoint,name=infoEndpoint]
2018-10-29 11:11:35.428 [main] INFO  o.s.b.a.e.jmx.EndpointMBeanExporter -Located managed bean 'loggersEndpoint': registering with JMX server as MBean [org.springframework.boot:type=Endpoint,name=loggersEndpoint]
2018-10-29 11:11:35.433 [main] INFO  o.s.b.a.e.jmx.EndpointMBeanExporter -Located managed bean 'metricsEndpoint': registering with JMX server as MBean [org.springframework.boot:type=Endpoint,name=metricsEndpoint]
2018-10-29 11:11:35.436 [main] INFO  o.s.b.a.e.jmx.EndpointMBeanExporter -Located managed bean 'traceEndpoint': registering with JMX server as MBean [org.springframework.boot:type=Endpoint,name=traceEndpoint]
2018-10-29 11:11:35.438 [main] INFO  o.s.b.a.e.jmx.EndpointMBeanExporter -Located managed bean 'dumpEndpoint': registering with JMX server as MBean [org.springframework.boot:type=Endpoint,name=dumpEndpoint]
2018-10-29 11:11:35.440 [main] INFO  o.s.b.a.e.jmx.EndpointMBeanExporter -Located managed bean 'autoConfigurationReportEndpoint': registering with JMX server as MBean [org.springframework.boot:type=Endpoint,name=autoConfigurationReportEndpoint]
2018-10-29 11:11:35.442 [main] INFO  o.s.b.a.e.jmx.EndpointMBeanExporter -Located managed bean 'configurationPropertiesReportEndpoint': registering with JMX server as MBean [org.springframework.boot:type=Endpoint,name=configurationPropertiesReportEndpoint]
2018-10-29 11:11:35.444 [main] INFO  o.s.b.a.e.jmx.EndpointMBeanExporter -Located managed bean 'archaiusEndpoint': registering with JMX server as MBean [org.springframework.boot:type=Endpoint,name=archaiusEndpoint]
2018-10-29 11:11:35.468 [main] INFO  o.a.coyote.http11.Http11NioProtocol -Initializing ProtocolHandler ["http-nio-7070"]
2018-10-29 11:11:35.478 [main] INFO  o.a.coyote.http11.Http11NioProtocol -Starting ProtocolHandler [http-nio-7070]
2018-10-29 11:11:35.493 [main] INFO  o.a.tomcat.util.net.NioSelectorPool -Using a shared selector for servlet write/read
2018-10-29 11:11:35.515 [main] INFO  o.s.b.c.e.t.TomcatEmbeddedServletContainer -Tomcat started on port(s): 7070 (http)
2018-10-29 11:11:35.516 [main] INFO  o.s.c.n.e.EurekaDiscoveryClientConfiguration -Updating port to 7070
2018-10-29 11:11:35.519 [main] INFO  com.lovnx.EurekaServer -Started EurekaServer in 8.32 seconds (JVM running for 10.37)
2018-10-29 11:12:15.337 [http-nio-7070-exec-1] INFO  o.a.c.c.C.[Tomcat].[localhost].[/] -Initializing Spring FrameworkServlet 'dispatcherServlet'
2018-10-29 11:12:15.338 [http-nio-7070-exec-1] INFO  o.s.web.servlet.DispatcherServlet -FrameworkServlet 'dispatcherServlet': initialization started
2018-10-29 11:12:15.373 [http-nio-7070-exec-1] INFO  o.s.web.servlet.DispatcherServlet -FrameworkServlet 'dispatcherServlet': initialization completed in 35 ms
2018-10-29 11:12:15.731 [http-nio-7070-exec-2] INFO  c.n.e.r.AbstractInstanceRegistry -Registered instance SERVICE-USER/LAPTOP-KG7U4SAC:service-user:8091 with status UP (replication=false)
2018-10-29 11:12:16.396 [http-nio-7070-exec-3] INFO  c.n.e.r.AbstractInstanceRegistry -Registered instance SERVICE-USER/LAPTOP-KG7U4SAC:service-user:8091 with status UP (replication=true)
2018-10-29 11:12:35.401 [Eureka-EvictionTimer] INFO  c.n.e.r.AbstractInstanceRegistry -Running the evict task with compensationTime 0ms
2018-10-29 11:12:40.391 [http-nio-7070-exec-5] INFO  c.n.e.r.AbstractInstanceRegistry -Registered instance SERVICE-PUBLIC/LAPTOP-KG7U4SAC:service-public:8090 with status UP (replication=false)
2018-10-29 11:12:40.897 [http-nio-7070-exec-6] INFO  c.n.e.r.AbstractInstanceRegistry -Registered instance SERVICE-PUBLIC/LAPTOP-KG7U4SAC:service-public:8090 with status UP (replication=true)
2018-10-29 11:12:58.936 [http-nio-7070-exec-2] INFO  c.n.e.r.AbstractInstanceRegistry -Registered instance CLOUD-ZUUL/LAPTOP-KG7U4SAC:cloud-zuul:9999 with status UP (replication=false)
2018-10-29 11:12:59.450 [http-nio-7070-exec-3] INFO  c.n.e.r.AbstractInstanceRegistry -Registered instance CLOUD-ZUUL/LAPTOP-KG7U4SAC:cloud-zuul:9999 with status UP (replication=true)
2018-10-29 11:13:35.402 [Eureka-EvictionTimer] INFO  c.n.e.r.AbstractInstanceRegistry -Running the evict task with compensationTime 0ms
2018-10-29 11:14:35.403 [Eureka-EvictionTimer] INFO  c.n.e.r.AbstractInstanceRegistry -Running the evict task with compensationTime 1ms
2018-10-29 11:15:35.403 [Eureka-EvictionTimer] INFO  c.n.e.r.AbstractInstanceRegistry -Running the evict task with compensationTime 0ms
2018-10-29 11:16:35.403 [Eureka-EvictionTimer] INFO  c.n.e.r.AbstractInstanceRegistry -Running the evict task with compensationTime 0ms
2018-10-29 11:17:35.404 [Eureka-EvictionTimer] INFO  c.n.e.r.AbstractInstanceRegistry -Running the evict task with compensationTime 0ms
2018-10-29 11:18:35.404 [Eureka-EvictionTimer] INFO  c.n.e.r.AbstractInstanceRegistry -Running the evict task with compensationTime 0ms
2018-10-29 11:19:35.405 [Eureka-EvictionTimer] INFO  c.n.e.r.AbstractInstanceRegistry -Running the evict task with compensationTime 0ms
2018-10-29 11:20:35.405 [Eureka-EvictionTimer] INFO  c.n.e.r.AbstractInstanceRegistry -Running the evict task with compensationTime 0ms
2018-10-29 11:21:35.406 [Eureka-EvictionTimer] INFO  c.n.e.r.AbstractInstanceRegistry -Running the evict task with compensationTime 0ms
2018-10-29 11:22:35.407 [Eureka-EvictionTimer] INFO  c.n.e.r.AbstractInstanceRegistry -Running the evict task with compensationTime 0ms
2018-10-29 11:23:35.408 [Eureka-EvictionTimer] INFO  c.n.e.r.AbstractInstanceRegistry -Running the evict task with compensationTime 0ms
2018-10-29 11:24:35.408 [Eureka-EvictionTimer] INFO  c.n.e.r.AbstractInstanceRegistry -Running the evict task with compensationTime 0ms
2018-10-29 11:25:35.408 [Eureka-EvictionTimer] INFO  c.n.e.r.AbstractInstanceRegistry -Running the evict task with compensationTime 0ms
2018-10-29 11:26:33.011 [ReplicaAwareInstanceRegistry - RenewalThresholdUpdater] INFO  c.n.e.r.PeerAwareInstanceRegistryImpl -Current renewal threshold is : 6
2018-10-29 11:26:35.409 [Eureka-EvictionTimer] INFO  c.n.e.r.AbstractInstanceRegistry -Running the evict task with compensationTime 0ms
2018-10-29 11:27:35.409 [Eureka-EvictionTimer] INFO  c.n.e.r.AbstractInstanceRegistry -Running the evict task with compensationTime 0ms
2018-10-29 11:28:35.410 [Eureka-EvictionTimer] INFO  c.n.e.r.AbstractInstanceRegistry -Running the evict task with compensationTime 0ms
2018-10-29 11:29:35.410 [Eureka-EvictionTimer] INFO  c.n.e.r.AbstractInstanceRegistry -Running the evict task with compensationTime 0ms
2018-10-29 11:30:35.411 [Eureka-EvictionTimer] INFO  c.n.e.r.AbstractInstanceRegistry -Running the evict task with compensationTime 1ms
2018-10-29 11:31:35.411 [Eureka-EvictionTimer] INFO  c.n.e.r.AbstractInstanceRegistry -Running the evict task with compensationTime 0ms
2018-10-29 11:32:35.412 [Eureka-EvictionTimer] INFO  c.n.e.r.AbstractInstanceRegistry -Running the evict task with compensationTime 1ms
2018-10-29 11:33:35.413 [Eureka-EvictionTimer] INFO  c.n.e.r.AbstractInstanceRegistry -Running the evict task with compensationTime 0ms
2018-10-29 11:34:35.414 [Eureka-EvictionTimer] INFO  c.n.e.r.AbstractInstanceRegistry -Running the evict task with compensationTime 0ms
2018-10-29 11:35:35.414 [Eureka-EvictionTimer] INFO  c.n.e.r.AbstractInstanceRegistry -Running the evict task with compensationTime 0ms
2018-10-29 11:36:35.414 [Eureka-EvictionTimer] INFO  c.n.e.r.AbstractInstanceRegistry -Running the evict task with compensationTime 0ms
2018-10-29 11:37:35.414 [Eureka-EvictionTimer] INFO  c.n.e.r.AbstractInstanceRegistry -Running the evict task with compensationTime 0ms
